This file contains any messages produced by compilers while
running configure, to aid debugging if configure makes a mistake.

It was created by pocketsphinx configure 5prealpha, which was
generated by GNU Autoconf 2.69.  Invocation command line was

  $ ./configure 

## --------- ##
## Platform. ##
## --------- ##

hostname = rp4-lg
uname -m = armv7l
uname -r = 5.4.51-v7l+
uname -s = Linux
uname -v = #1333 SMP Mon Aug 10 16:51:40 BST 2020

/usr/bin/uname -p = unknown
/bin/uname -X     = unknown

/bin/arch              = unknown
/usr/bin/arch -k       = unknown
/usr/convex/getsysinfo = unknown
/usr/bin/hostinfo      = unknown
/bin/machine           = unknown
/usr/bin/oslevel       = unknown
/bin/universe          = unknown

PATH: /usr/local/bin
PATH: /usr/bin
PATH: /bin
PATH: /usr/local/games
PATH: /usr/games


## ----------- ##
## Core tests. ##
## ----------- ##

configure:2559: checking for a BSD-compatible install
configure:2627: result: /usr/bin/install -c
configure:2638: checking whether build environment is sane
configure:2693: result: yes
configure:2842: checking for a thread-safe mkdir -p
configure:2881: result: /bin/mkdir -p
configure:2888: checking for gawk
configure:2904: found /usr/bin/gawk
configure:2915: result: gawk
configure:2926: checking whether make sets $(MAKE)
configure:2948: result: yes
configure:2977: checking whether make supports nested variables
configure:2994: result: yes
configure:3119: checking build system type
configure:3133: result: armv7l-unknown-linux-gnueabihf
configure:3153: checking host system type
configure:3166: result: armv7l-unknown-linux-gnueabihf
configure:3234: checking for gcc
configure:3250: found /usr/bin/gcc
configure:3261: result: gcc
configure:3490: checking for C compiler version
configure:3499: gcc --version >&5
gcc (Raspbian 8.3.0-6+rpi1) 8.3.0
Copyright (C) 2018 Free Software Foundation, Inc.
This is free software; see the source for copying conditions.  There is NO
warranty; not even for MERCHANTABILITY or FITNESS FOR A PARTICULAR PURPOSE.

configure:3510: $? = 0
configure:3499: gcc -v >&5
Using built-in specs.
COLLECT_GCC=gcc
COLLECT_LTO_WRAPPER=/usr/lib/gcc/arm-linux-gnueabihf/8/lto-wrapper
Target: arm-linux-gnueabihf
Configured with: ../src/configure -v --with-pkgversion='Raspbian 8.3.0-6+rpi1' --with-bugurl=file:///usr/share/doc/gcc-8/README.Bugs --enable-languages=c,ada,c++,go,d,fortran,objc,obj-c++ --prefix=/usr --with-gcc-major-version-only --program-suffix=-8 --program-prefix=arm-linux-gnueabihf- --enable-shared --enable-linker-build-id --libexecdir=/usr/lib --without-included-gettext --enable-threads=posix --libdir=/usr/lib --enable-nls --enable-bootstrap --enable-clocale=gnu --enable-libstdcxx-debug --enable-libstdcxx-time=yes --with-default-libstdcxx-abi=new --enable-gnu-unique-object --disable-libitm --disable-libquadmath --disable-libquadmath-support --enable-plugin --with-system-zlib --with-target-system-zlib --enable-objc-gc=auto --enable-multiarch --disable-sjlj-exceptions --with-arch=armv6 --with-fpu=vfp --with-float=hard --disable-werror --enable-checking=release --build=arm-linux-gnueabihf --host=arm-linux-gnueabihf --target=arm-linux-gnueabihf
Thread model: posix
gcc version 8.3.0 (Raspbian 8.3.0-6+rpi1) 
configure:3510: $? = 0
configure:3499: gcc -V >&5
gcc: error: unrecognized command line option '-V'
gcc: fatal error: no input files
compilation terminated.
configure:3510: $? = 1
configure:3499: gcc -qversion >&5
gcc: error: unrecognized command line option '-qversion'; did you mean '--version'?
gcc: fatal error: no input files
compilation terminated.
configure:3510: $? = 1
configure:3530: checking whether the C compiler works
configure:3552: gcc -g -O2 -Wall   conftest.c  >&5
configure:3556: $? = 0
configure:3604: result: yes
configure:3607: checking for C compiler default output file name
configure:3609: result: a.out
configure:3615: checking for suffix of executables
configure:3622: gcc -o conftest -g -O2 -Wall   conftest.c  >&5
configure:3626: $? = 0
configure:3648: result: 
configure:3670: checking whether we are cross compiling
configure:3678: gcc -o conftest -g -O2 -Wall   conftest.c  >&5
configure:3682: $? = 0
configure:3689: ./conftest
configure:3693: $? = 0
configure:3681: result: no
configure:3686: checking for suffix of object files
configure:3708: gcc -c -g -O2 -Wall  conftest.c >&5
configure:3712: $? = 0
configure:3733: result: o
configure:3737: checking whether we are using the GNU C compiler
configure:3756: gcc -c -g -O2 -Wall  conftest.c >&5
configure:3756: $? = 0
configure:3765: result: yes
configure:3774: checking whether gcc accepts -g
configure:3794: gcc -c -g  conftest.c >&5
configure:3794: $? = 0
configure:3835: result: yes
configure:3852: checking for gcc option to accept ISO C89
configure:3915: gcc  -c -g -O2 -Wall  conftest.c >&5
configure:3915: $? = 0
configure:3928: result: none needed
configure:3953: checking whether gcc understands -c and -o together
configure:3975: gcc -c conftest.c -o conftest2.o
configure:3978: $? = 0
configure:3975: gcc -c conftest.c -o conftest2.o
configure:3978: $? = 0
configure:3990: result: yes
configure:4010: checking whether make supports the include directive
configure:4025: make -f confmf.GNU && cat confinc.out
this is the am__doit target
configure:4028: $? = 0
configure:4047: result: yes (GNU style)
configure:4072: checking dependency style of gcc
configure:4183: result: gcc3
configure:4204: checking how to run the C preprocessor
configure:4235: gcc -E  conftest.c
configure:4235: $? = 0
configure:4249: gcc -E  conftest.c
conftest.c:9:10: fatal error: ac_nonexistent.h: No such file or directory
 #include <ac_nonexistent.h>
          ^~~~~~~~~~~~~~~~~~
compilation terminated.
configure:4249: $? = 1
configure: failed program was:
| /* confdefs.h */
| #define PACKAGE_NAME "pocketsphinx"
| #define PACKAGE_TARNAME "pocketsphinx"
| #define PACKAGE_VERSION "5prealpha"
| #define PACKAGE_STRING "pocketsphinx 5prealpha"
| #define PACKAGE_BUGREPORT ""
| #define PACKAGE_URL ""
| /* end confdefs.h.  */
| #include <ac_nonexistent.h>
configure:4274: result: gcc -E
configure:4294: gcc -E  conftest.c
configure:4294: $? = 0
configure:4308: gcc -E  conftest.c
conftest.c:9:10: fatal error: ac_nonexistent.h: No such file or directory
 #include <ac_nonexistent.h>
          ^~~~~~~~~~~~~~~~~~
compilation terminated.
configure:4308: $? = 1
configure: failed program was:
| /* confdefs.h */
| #define PACKAGE_NAME "pocketsphinx"
| #define PACKAGE_TARNAME "pocketsphinx"
| #define PACKAGE_VERSION "5prealpha"
| #define PACKAGE_STRING "pocketsphinx 5prealpha"
| #define PACKAGE_BUGREPORT ""
| #define PACKAGE_URL ""
| /* end confdefs.h.  */
| #include <ac_nonexistent.h>
configure:4337: checking for grep that handles long lines and -e
configure:4395: result: /bin/grep
configure:4400: checking for egrep
configure:4462: result: /bin/grep -E
configure:4467: checking for ANSI C header files
configure:4487: gcc -c -g -O2 -Wall  conftest.c >&5
configure:4487: $? = 0
configure:4560: gcc -o conftest -g -O2 -Wall   conftest.c  >&5
configure:4560: $? = 0
configure:4560: ./conftest
configure:4560: $? = 0
configure:4571: result: yes
configure:4584: checking for sys/types.h
configure:4584: gcc -c -g -O2 -Wall  conftest.c >&5
configure:4584: $? = 0
configure:4584: result: yes
configure:4584: checking for sys/stat.h
configure:4584: gcc -c -g -O2 -Wall  conftest.c >&5
configure:4584: $? = 0
configure:4584: result: yes
configure:4584: checking for stdlib.h
configure:4584: gcc -c -g -O2 -Wall  conftest.c >&5
configure:4584: $? = 0
configure:4584: result: yes
configure:4584: checking for string.h
configure:4584: gcc -c -g -O2 -Wall  conftest.c >&5
configure:4584: $? = 0
configure:4584: result: yes
configure:4584: checking for memory.h
configure:4584: gcc -c -g -O2 -Wall  conftest.c >&5
configure:4584: $? = 0
configure:4584: result: yes
configure:4584: checking for strings.h
configure:4584: gcc -c -g -O2 -Wall  conftest.c >&5
configure:4584: $? = 0
configure:4584: result: yes
configure:4584: checking for inttypes.h
configure:4584: gcc -c -g -O2 -Wall  conftest.c >&5
configure:4584: $? = 0
configure:4584: result: yes
configure:4584: checking for stdint.h
configure:4584: gcc -c -g -O2 -Wall  conftest.c >&5
configure:4584: $? = 0
configure:4584: result: yes
configure:4584: checking for unistd.h
configure:4584: gcc -c -g -O2 -Wall  conftest.c >&5
configure:4584: $? = 0
configure:4584: result: yes
configure:4596: checking whether byte ordering is bigendian
configure:4611: gcc -c -g -O2 -Wall  conftest.c >&5
conftest.c:20:9: error: unknown type name 'not'
         not a universal capable compiler
         ^~~
conftest.c:20:15: error: expected '=', ',', ';', 'asm' or '__attribute__' before 'universal'
         not a universal capable compiler
               ^~~~~~~~~
conftest.c:20:15: error: unknown type name 'universal'
configure:4611: $? = 1
configure: failed program was:
| /* confdefs.h */
| #define PACKAGE_NAME "pocketsphinx"
| #define PACKAGE_TARNAME "pocketsphinx"
| #define PACKAGE_VERSION "5prealpha"
| #define PACKAGE_STRING "pocketsphinx 5prealpha"
| #define PACKAGE_BUGREPORT ""
| #define PACKAGE_URL ""
| #define STDC_HEADERS 1
| #define HAVE_SYS_TYPES_H 1
| #define HAVE_SYS_STAT_H 1
| #define HAVE_STDLIB_H 1
| #define HAVE_STRING_H 1
| #define HAVE_MEMORY_H 1
| #define HAVE_STRINGS_H 1
| #define HAVE_INTTYPES_H 1
| #define HAVE_STDINT_H 1
| #define HAVE_UNISTD_H 1
| /* end confdefs.h.  */
| #ifndef __APPLE_CC__
| 	       not a universal capable compiler
| 	     #endif
| 	     typedef int dummy;
| 
configure:4656: gcc -c -g -O2 -Wall  conftest.c >&5
configure:4656: $? = 0
configure:4674: gcc -c -g -O2 -Wall  conftest.c >&5
conftest.c: In function 'main':
conftest.c:26:4: error: unknown type name 'not'; did you mean 'ino_t'?
    not big endian
    ^~~
    ino_t
conftest.c:26:12: error: expected '=', ',', ';', 'asm' or '__attribute__' before 'endian'
    not big endian
            ^~~~~~
configure:4674: $? = 1
configure: failed program was:
| /* confdefs.h */
| #define PACKAGE_NAME "pocketsphinx"
| #define PACKAGE_TARNAME "pocketsphinx"
| #define PACKAGE_VERSION "5prealpha"
| #define PACKAGE_STRING "pocketsphinx 5prealpha"
| #define PACKAGE_BUGREPORT ""
| #define PACKAGE_URL ""
| #define STDC_HEADERS 1
| #define HAVE_SYS_TYPES_H 1
| #define HAVE_SYS_STAT_H 1
| #define HAVE_STDLIB_H 1
| #define HAVE_STRING_H 1
| #define HAVE_MEMORY_H 1
| #define HAVE_STRINGS_H 1
| #define HAVE_INTTYPES_H 1
| #define HAVE_STDINT_H 1
| #define HAVE_UNISTD_H 1
| /* end confdefs.h.  */
| #include <sys/types.h>
| 		#include <sys/param.h>
| 
| int
| main ()
| {
| #if BYTE_ORDER != BIG_ENDIAN
| 		 not big endian
| 		#endif
| 
|   ;
|   return 0;
| }
configure:4802: result: no
configure:4820: checking for long long
configure:4820: gcc -c -g -O2 -Wall  conftest.c >&5
configure:4820: $? = 0
configure:4820: gcc -c -g -O2 -Wall  conftest.c >&5
conftest.c: In function 'main':
conftest.c:55:24: error: expected expression before ')' token
 if (sizeof ((long long)))
                        ^
configure:4820: $? = 1
configure: failed program was:
| /* confdefs.h */
| #define PACKAGE_NAME "pocketsphinx"
| #define PACKAGE_TARNAME "pocketsphinx"
| #define PACKAGE_VERSION "5prealpha"
| #define PACKAGE_STRING "pocketsphinx 5prealpha"
| #define PACKAGE_BUGREPORT ""
| #define PACKAGE_URL ""
| #define STDC_HEADERS 1
| #define HAVE_SYS_TYPES_H 1
| #define HAVE_SYS_STAT_H 1
| #define HAVE_STDLIB_H 1
| #define HAVE_STRING_H 1
| #define HAVE_MEMORY_H 1
| #define HAVE_STRINGS_H 1
| #define HAVE_INTTYPES_H 1
| #define HAVE_STDINT_H 1
| #define HAVE_UNISTD_H 1
| /* end confdefs.h.  */
| #include <stdio.h>
| #ifdef HAVE_SYS_TYPES_H
| # include <sys/types.h>
| #endif
| #ifdef HAVE_SYS_STAT_H
| # include <sys/stat.h>
| #endif
| #ifdef STDC_HEADERS
| # include <stdlib.h>
| # include <stddef.h>
| #else
| # ifdef HAVE_STDLIB_H
| #  include <stdlib.h>
| # endif
| #endif
| #ifdef HAVE_STRING_H
| # if !defined STDC_HEADERS && defined HAVE_MEMORY_H
| #  include <memory.h>
| # endif
| # include <string.h>
| #endif
| #ifdef HAVE_STRINGS_H
| # include <strings.h>
| #endif
| #ifdef HAVE_INTTYPES_H
| # include <inttypes.h>
| #endif
| #ifdef HAVE_STDINT_H
| # include <stdint.h>
| #endif
| #ifdef HAVE_UNISTD_H
| # include <unistd.h>
| #endif
| int
| main ()
| {
| if (sizeof ((long long)))
| 	    return 0;
|   ;
|   return 0;
| }
configure:4820: result: yes
configure:4834: checking size of long long
configure:4839: gcc -o conftest -g -O2 -Wall   conftest.c  >&5
configure:4839: $? = 0
configure:4839: ./conftest
configure:4839: $? = 0
configure:4853: result: 8
configure:4910: checking how to print strings
configure:4937: result: printf
configure:4958: checking for a sed that does not truncate output
configure:5022: result: /bin/sed
configure:5040: checking for fgrep
configure:5102: result: /bin/grep -F
configure:5137: checking for ld used by gcc
configure:5204: result: /usr/bin/ld
configure:5211: checking if the linker (/usr/bin/ld) is GNU ld
configure:5226: result: yes
configure:5238: checking for BSD- or MS-compatible name lister (nm)
configure:5292: result: /usr/bin/nm -B
configure:5422: checking the name lister (/usr/bin/nm -B) interface
configure:5429: gcc -c -g -O2 -Wall  conftest.c >&5
configure:5432: /usr/bin/nm -B "conftest.o"
configure:5435: output
00000000 B some_variable
configure:5436: result: BSD nm
configure:5439: checking whether ln -s works
configure:5443: result: yes
configure:5451: checking the maximum length of command line arguments
configure:5582: result: 1572864
configure:5630: checking how to convert armv7l-unknown-linux-gnueabihf file names to armv7l-unknown-linux-gnueabihf format
configure:5670: result: func_convert_file_noop
configure:5677: checking how to convert armv7l-unknown-linux-gnueabihf file names to toolchain format
configure:5697: result: func_convert_file_noop
configure:5704: checking for /usr/bin/ld option to reload object files
configure:5711: result: -r
configure:5785: checking for objdump
configure:5801: found /usr/bin/objdump
configure:5812: result: objdump
configure:5844: checking how to recognize dependent libraries
configure:6044: result: pass_all
configure:6129: checking for dlltool
configure:6159: result: no
configure:6189: checking how to associate runtime and link libraries
configure:6216: result: printf %s\n
configure:6276: checking for ar
configure:6292: found /usr/bin/ar
configure:6303: result: ar
configure:6340: checking for archiver @FILE support
configure:6357: gcc -c -g -O2 -Wall  conftest.c >&5
configure:6357: $? = 0
configure:6360: ar cru libconftest.a @conftest.lst >&5
ar: `u' modifier ignored since `D' is the default (see `U')
configure:6363: $? = 0
configure:6368: ar cru libconftest.a @conftest.lst >&5
ar: `u' modifier ignored since `D' is the default (see `U')
ar: conftest.o: No such file or directory
configure:6371: $? = 1
configure:6370: result: @
configure:6428: checking for strip
configure:6444: found /usr/bin/strip
configure:6455: result: strip
configure:6527: checking for ranlib
configure:6543: found /usr/bin/ranlib
configure:6554: result: ranlib
configure:6656: checking command to parse /usr/bin/nm -B output from gcc object
configure:6809: gcc -c -g -O2 -Wall  conftest.c >&5
configure:6812: $? = 0
configure:6816: /usr/bin/nm -B conftest.o | sed -n -e 's/^.*[	 ]\([ABCDGIRSTW][ABCDGIRSTW]*\)[	 ][	 ]*\([_A-Za-z][_A-Za-z0-9]*\)$/\1 \2 \2/p' | sed '/ __gnu_lto/d' > conftest.nm
configure:6882: gcc -o conftest -g -O2 -Wall   conftest.c conftstm.o >&5
configure:6885: $? = 0
configure:6923: result: ok
configure:6970: checking for sysroot
configure:7000: result: no
configure:7007: checking for a working dd
configure:7045: result: /bin/dd
configure:7049: checking how to truncate binary pipes
configure:7064: result: /bin/dd bs=4096 count=1
configure:7393: checking for mt
configure:7409: found /bin/mt
configure:7420: result: mt
configure:7443: checking if mt is a manifest tool
configure:7449: mt '-?'
configure:7457: result: no
configure:8131: checking for dlfcn.h
configure:8131: gcc -c -g -O2 -Wall  conftest.c >&5
configure:8131: $? = 0
configure:8131: result: yes
configure:8387: checking for objdir
configure:8402: result: .libs
configure:8666: checking if gcc supports -fno-rtti -fno-exceptions
configure:8684: gcc -c -g -O2 -Wall  -fno-rtti -fno-exceptions conftest.c >&5
cc1: warning: command line option '-fno-rtti' is valid for C++/ObjC++ but not for C
configure:8688: $? = 0
configure:8701: result: no
configure:9059: checking for gcc option to produce PIC
configure:9066: result: -fPIC -DPIC
configure:9074: checking if gcc PIC flag -fPIC -DPIC works
configure:9092: gcc -c -g -O2 -Wall  -fPIC -DPIC -DPIC conftest.c >&5
configure:9096: $? = 0
configure:9109: result: yes
configure:9138: checking if gcc static flag -static works
configure:9166: result: yes
configure:9181: checking if gcc supports -c -o file.o
configure:9202: gcc -c -g -O2 -Wall  -o out/conftest2.o conftest.c >&5
configure:9206: $? = 0
configure:9228: result: yes
configure:9236: checking if gcc supports -c -o file.o
configure:9283: result: yes
configure:9316: checking whether the gcc linker (/usr/bin/ld) supports shared libraries
configure:10579: result: yes
configure:10616: checking whether -lc should be explicitly linked in
configure:10624: gcc -c -g -O2 -Wall  conftest.c >&5
configure:10627: $? = 0
configure:10642: gcc -shared  -fPIC -DPIC conftest.o  -v -Wl,-soname -Wl,conftest -o conftest 2\>\&1 \| /bin/grep  -lc  \>/dev/null 2\>\&1
configure:10645: $? = 0
configure:10659: result: no
configure:10819: checking dynamic linker characteristics
configure:11400: gcc -o conftest -g -O2 -Wall   -Wl,-rpath -Wl,/foo conftest.c  >&5
configure:11400: $? = 0
configure:11649: result: GNU/Linux ld.so
configure:11771: checking how to hardcode library paths into programs
configure:11796: result: immediate
configure:12344: checking whether stripping libraries is possible
configure:12349: result: yes
configure:12384: checking if libtool supports shared libraries
configure:12386: result: yes
configure:12389: checking whether to build shared libraries
configure:12414: result: yes
configure:12417: checking whether to build static libraries
configure:12421: result: yes
configure:9237: checking for pkg-config
configure:9253: found /usr/bin/pkg-config
configure:9265: result: yes
configure:9276: checking for doxygen
configure:9292: found /usr/bin/doxygen
configure:9304: result: yes
configure:9364: checking for a Python interpreter with version >= 2.6
configure:9381: python -c import sys # split strings by '.' and convert to numeric. Append some zeros # because we need at least 4 digits for the hex conversion. # map returns an iterator in Python 3.0 and a list in 2.x minver = list(map(int, '2.6'.split('.'))) + [0, 0, 0] minverhex = 0 # xrange is not present in Python 3.0 and range returns an iterator for i in list(range(0, 4)): minverhex = (minverhex << 8) + minver[i] sys.exit(sys.hexversion < minverhex)
configure:9384: $? = 0
configure:9390: result: python
configure:9398: checking for python
configure:9416: found /usr/bin/python
configure:9428: result: /usr/bin/python
configure:9446: checking for python version
configure:9453: result: 2.7
configure:9465: checking for python platform
configure:9472: result: linux2
configure:9498: checking for python script directory
configure:9533: result: ${prefix}/lib/python2.7/dist-packages
configure:9542: checking for python extension module directory
configure:9577: result: ${exec_prefix}/lib/python2.7/dist-packages
configure:9598: checking for python2.7
configure:9628: result: /usr/bin/python
configure:9644: checking for a version of Python >= '2.1.0'
configure:9670: result: yes
configure:9701: checking for the distutils Python package
configure:9705: result: yes
configure:9719: checking for Python include path
configure:9735: result: -I/usr/include/python2.7
configure:9742: checking for Python library path
configure:9819: result: -L/usr/lib -lpython2.7
configure:9826: checking for Python site-packages path
configure:9832: result: /usr/lib/python2.7/dist-packages
configure:9839: checking python extra libraries
configure:9846: result: -lpthread -ldl  -lutil -lm
configure:9853: checking python extra linking flags
configure:9860: result: -Xlinker -export-dynamic -Wl,-O1 -Wl,-Bsymbolic-functions
configure:9867: checking consistency of all components of python development environment
configure:9893: gcc -o conftest -g -O2 -Wall  -I/usr/include/python2.7  conftest.c  -L/usr/lib -lpython2.7 -Xlinker -export-dynamic -Wl,-O1 -Wl,-Bsymbolic-functions -lpthread -ldl  -lutil -lm >&5
configure:9893: $? = 0
configure:9910: result: yes
configure:9941: checking for swig
configure:9959: found /usr/bin/swig
configure:9971: result: /usr/bin/swig
configure:9985: checking SWIG version
configure:9988: result: 3.0.12
configure:10037: checking for SWIG library
configure:10040: result: /usr/share/swig3.0
configure:10116: checking for pkg-config
configure:10134: found /usr/bin/pkg-config
configure:10146: result: /usr/bin/pkg-config
configure:10171: checking pkg-config is at least version 0.9.0
configure:10174: result: yes
configure:10185: checking for GStreamer
configure:10195: $PKG_CONFIG --exists --print-errors "gstreamer-$GST_MAJORMINOR >= 1.0
		       gstreamer-base-$GST_MAJORMINOR >= 1.0
		       gstreamer-plugins-base-$GST_MAJORMINOR >= 1.0"
configure:10200: $? = 0
configure:10219: $PKG_CONFIG --exists --print-errors "gstreamer-$GST_MAJORMINOR >= 1.0
		       gstreamer-base-$GST_MAJORMINOR >= 1.0
		       gstreamer-plugins-base-$GST_MAJORMINOR >= 1.0"
configure:10224: $? = 0
configure:10266: result: yes
configure:10318: checking for sphinxbase in /home/pi/robotino/sphinx/pocketsphinx-5prealpha/../sphinxbase
configure:10326: result: no
configure:10318: checking for sphinxbase in /home/pi/robotino/sphinx/pocketsphinx-5prealpha/../sphinxbase-5prealpha
configure:10322: result: yes
configure:10590: checking that generated files are newer than configure
configure:10596: result: done
configure:10632: creating ./config.status

## ---------------------- ##
## Running config.status. ##
## ---------------------- ##

This file was extended by pocketsphinx config.status 5prealpha, which was
generated by GNU Autoconf 2.69.  Invocation command line was

  CONFIG_FILES    = 
  CONFIG_HEADERS  = 
  CONFIG_LINKS    = 
  CONFIG_COMMANDS = 
  $ ./config.status 

on rp4-lg

config.status:1056: creating pocketsphinx.pc
config.status:1056: creating Makefile
config.status:1056: creating include/Makefile
config.status:1056: creating src/Makefile
config.status:1056: creating swig/Makefile
config.status:1056: creating swig/python/Makefile
config.status:1056: creating swig/python/test/Makefile
config.status:1056: creating src/libpocketsphinx/Makefile
config.status:1056: creating src/programs/Makefile
config.status:1056: creating src/gst-plugin/Makefile
config.status:1056: creating doc/Makefile
config.status:1056: creating doc/doxyfile
config.status:1056: creating model/Makefile
config.status:1056: creating test/Makefile
config.status:1056: creating test/testfuncs.sh
config.status:1056: creating test/unit/Makefile
config.status:1056: creating test/regression/Makefile
config.status:1228: executing depfiles commands
config.status:1305: cd swig/python       && sed -e '/# am--include-marker/d' Makefile         | make -f - am--depfiles
make: Nothing to be done for 'am--depfiles'.
config.status:1310: $? = 0
config.status:1305: cd src/libpocketsphinx       && sed -e '/# am--include-marker/d' Makefile         | make -f - am--depfiles
make: Nothing to be done for 'am--depfiles'.
config.status:1310: $? = 0
config.status:1305: cd src/programs       && sed -e '/# am--include-marker/d' Makefile         | make -f - am--depfiles
make: Nothing to be done for 'am--depfiles'.
config.status:1310: $? = 0
config.status:1305: cd src/gst-plugin       && sed -e '/# am--include-marker/d' Makefile         | make -f - am--depfiles
make: Nothing to be done for 'am--depfiles'.
config.status:1310: $? = 0
config.status:1305: cd test/unit       && sed -e '/# am--include-marker/d' Makefile         | make -f - am--depfiles
make: Nothing to be done for 'am--depfiles'.
config.status:1310: $? = 0
config.status:1228: executing libtool commands

## ---------------- ##
## Cache variables. ##
## ---------------- ##

ac_cv_build=armv7l-unknown-linux-gnueabihf
ac_cv_c_bigendian=no
ac_cv_c_compiler_gnu=yes
ac_cv_env_CC_set=
ac_cv_env_CC_value=
ac_cv_env_CFLAGS_set=
ac_cv_env_CFLAGS_value=
ac_cv_env_CPPFLAGS_set=
ac_cv_env_CPPFLAGS_value=
ac_cv_env_CPP_set=
ac_cv_env_CPP_value=
ac_cv_env_GStreamer_CFLAGS_set=
ac_cv_env_GStreamer_CFLAGS_value=
ac_cv_env_GStreamer_LIBS_set=
ac_cv_env_GStreamer_LIBS_value=
ac_cv_env_LDFLAGS_set=
ac_cv_env_LDFLAGS_value=
ac_cv_env_LIBS_set=
ac_cv_env_LIBS_value=
ac_cv_env_LT_SYS_LIBRARY_PATH_set=
ac_cv_env_LT_SYS_LIBRARY_PATH_value=
ac_cv_env_PKG_CONFIG_set=
ac_cv_env_PKG_CONFIG_value=
ac_cv_env_PYTHON_VERSION_set=
ac_cv_env_PYTHON_VERSION_value=
ac_cv_env_PYTHON_set=
ac_cv_env_PYTHON_value=
ac_cv_env_SPHINXBASE_CFLAGS_set=
ac_cv_env_SPHINXBASE_CFLAGS_value=
ac_cv_env_SPHINXBASE_LIBS_set=
ac_cv_env_SPHINXBASE_LIBS_value=
ac_cv_env_build_alias_set=
ac_cv_env_build_alias_value=
ac_cv_env_host_alias_set=
ac_cv_env_host_alias_value=
ac_cv_env_target_alias_set=
ac_cv_env_target_alias_value=
ac_cv_header_dlfcn_h=yes
ac_cv_header_inttypes_h=yes
ac_cv_header_memory_h=yes
ac_cv_header_stdc=yes
ac_cv_header_stdint_h=yes
ac_cv_header_stdlib_h=yes
ac_cv_header_string_h=yes
ac_cv_header_strings_h=yes
ac_cv_header_sys_stat_h=yes
ac_cv_header_sys_types_h=yes
ac_cv_header_unistd_h=yes
ac_cv_host=armv7l-unknown-linux-gnueabihf
ac_cv_objext=o
ac_cv_path_EGREP='/bin/grep -E'
ac_cv_path_FGREP='/bin/grep -F'
ac_cv_path_GREP=/bin/grep
ac_cv_path_PYTHON=/usr/bin/python
ac_cv_path_SED=/bin/sed
ac_cv_path_SWIG=/usr/bin/swig
ac_cv_path_ac_pt_PKG_CONFIG=/usr/bin/pkg-config
ac_cv_path_install='/usr/bin/install -c'
ac_cv_path_lt_DD=/bin/dd
ac_cv_path_mkdir=/bin/mkdir
ac_cv_prog_AWK=gawk
ac_cv_prog_CPP='gcc -E'
ac_cv_prog_HAVE_DOXYGEN=yes
ac_cv_prog_HAVE_PKGCONFIG=yes
ac_cv_prog_ac_ct_AR=ar
ac_cv_prog_ac_ct_CC=gcc
ac_cv_prog_ac_ct_MANIFEST_TOOL=mt
ac_cv_prog_ac_ct_OBJDUMP=objdump
ac_cv_prog_ac_ct_RANLIB=ranlib
ac_cv_prog_ac_ct_STRIP=strip
ac_cv_prog_cc_c89=
ac_cv_prog_cc_g=yes
ac_cv_prog_make_make_set=yes
ac_cv_sizeof_long_long=8
ac_cv_type_long_long=yes
am_cv_CC_dependencies_compiler_type=gcc3
am_cv_make_support_nested_variables=yes
am_cv_pathless_PYTHON=python
am_cv_prog_cc_c_o=yes
am_cv_python_platform=linux2
am_cv_python_pyexecdir='${exec_prefix}/lib/python2.7/dist-packages'
am_cv_python_pythondir='${prefix}/lib/python2.7/dist-packages'
am_cv_python_version=2.7
lt_cv_ar_at_file=@
lt_cv_archive_cmds_need_lc=no
lt_cv_deplibs_check_method=pass_all
lt_cv_file_magic_cmd='$MAGIC_CMD'
lt_cv_file_magic_test_file=
lt_cv_ld_reload_flag=-r
lt_cv_nm_interface='BSD nm'
lt_cv_objdir=.libs
lt_cv_path_LD=/usr/bin/ld
lt_cv_path_NM='/usr/bin/nm -B'
lt_cv_path_mainfest_tool=no
lt_cv_prog_compiler_c_o=yes
lt_cv_prog_compiler_pic='-fPIC -DPIC'
lt_cv_prog_compiler_pic_works=yes
lt_cv_prog_compiler_rtti_exceptions=no
lt_cv_prog_compiler_static_works=yes
lt_cv_prog_gnu_ld=yes
lt_cv_sharedlib_from_linklib_cmd='printf %s\n'
lt_cv_shlibpath_overrides_runpath=yes
lt_cv_sys_global_symbol_pipe='sed -n -e '\''s/^.*[	 ]\([ABCDGIRSTW][ABCDGIRSTW]*\)[	 ][	 ]*\([_A-Za-z][_A-Za-z0-9]*\)$/\1 \2 \2/p'\'' | sed '\''/ __gnu_lto/d'\'''
lt_cv_sys_global_symbol_to_c_name_address='sed -n -e '\''s/^: \(.*\) .*$/  {"\1", (void *) 0},/p'\'' -e '\''s/^[ABCDGIRSTW][ABCDGIRSTW]* .* \(.*\)$/  {"\1", (void *) \&\1},/p'\'''
lt_cv_sys_global_symbol_to_c_name_address_lib_prefix='sed -n -e '\''s/^: \(.*\) .*$/  {"\1", (void *) 0},/p'\'' -e '\''s/^[ABCDGIRSTW][ABCDGIRSTW]* .* \(lib.*\)$/  {"\1", (void *) \&\1},/p'\'' -e '\''s/^[ABCDGIRSTW][ABCDGIRSTW]* .* \(.*\)$/  {"lib\1", (void *) \&\1},/p'\'''
lt_cv_sys_global_symbol_to_cdecl='sed -n -e '\''s/^T .* \(.*\)$/extern int \1();/p'\'' -e '\''s/^[ABCDGIRSTW][ABCDGIRSTW]* .* \(.*\)$/extern char \1;/p'\'''
lt_cv_sys_global_symbol_to_import=
lt_cv_sys_max_cmd_len=1572864
lt_cv_to_host_file_cmd=func_convert_file_noop
lt_cv_to_tool_file_cmd=func_convert_file_noop
lt_cv_truncate_bin='/bin/dd bs=4096 count=1'
pkg_cv_GStreamer_CFLAGS='-pthread -I/usr/include/gstreamer-1.0 -I/usr/include/glib-2.0 -I/usr/lib/arm-linux-gnueabihf/glib-2.0/include'
pkg_cv_GStreamer_LIBS='-lgstbase-1.0 -lgstreamer-1.0 -lgobject-2.0 -lglib-2.0'

## ----------------- ##
## Output variables. ##
## ----------------- ##

ACLOCAL='${SHELL} /home/pi/robotino/sphinx/pocketsphinx-5prealpha/missing aclocal-1.16'
AMDEPBACKSLASH='\'
AMDEP_FALSE='#'
AMDEP_TRUE=''
AMTAR='$${TAR-tar}'
AM_BACKSLASH='\'
AM_DEFAULT_V='$(AM_DEFAULT_VERBOSITY)'
AM_DEFAULT_VERBOSITY='1'
AM_V='$(V)'
AR='ar'
AUTOCONF='${SHELL} /home/pi/robotino/sphinx/pocketsphinx-5prealpha/missing autoconf'
AUTOHEADER='${SHELL} /home/pi/robotino/sphinx/pocketsphinx-5prealpha/missing autoheader'
AUTOMAKE='${SHELL} /home/pi/robotino/sphinx/pocketsphinx-5prealpha/missing automake-1.16'
AWK='gawk'
BUILD_DOXYGEN_FALSE='#'
BUILD_DOXYGEN_TRUE=''
BUILD_GST_FALSE='#'
BUILD_GST_TRUE=''
BUILD_SWIG_FALSE='#'
BUILD_SWIG_TRUE=''
CC='gcc'
CCDEPMODE='depmode=gcc3'
CFLAGS='-g -O2 -Wall'
CPP='gcc -E'
CPPFLAGS=' -I/home/pi/robotino/sphinx/pocketsphinx-5prealpha/../sphinxbase-5prealpha/include -I/home/pi/robotino/sphinx/pocketsphinx-5prealpha/../sphinxbase-5prealpha/include/sphinxbase'
CYGPATH_W='echo'
DEFS='-DPACKAGE_NAME=\"pocketsphinx\" -DPACKAGE_TARNAME=\"pocketsphinx\" -DPACKAGE_VERSION=\"5prealpha\" -DPACKAGE_STRING=\"pocketsphinx\ 5prealpha\" -DPACKAGE_BUGREPORT=\"\" -DPACKAGE_URL=\"\" -DSTDC_HEADERS=1 -DHAVE_SYS_TYPES_H=1 -DHAVE_SYS_STAT_H=1 -DHAVE_STDLIB_H=1 -DHAVE_STRING_H=1 -DHAVE_MEMORY_H=1 -DHAVE_STRINGS_H=1 -DHAVE_INTTYPES_H=1 -DHAVE_STDINT_H=1 -DHAVE_UNISTD_H=1 -DHAVE_LONG_LONG=1 -DSIZEOF_LONG_LONG=8 -DHAVE_DLFCN_H=1 -DLT_OBJDIR=\".libs/\" -DHAVE_PYTHON=\"2.7\"'
DEPDIR='.deps'
DLLTOOL='false'
DSYMUTIL=''
DUMPBIN=''
ECHO_C=''
ECHO_N='-n'
ECHO_T=''
EGREP='/bin/grep -E'
EXEEXT=''
FGREP='/bin/grep -F'
GREP='/bin/grep'
GST_CFLAGS='-pthread -I/usr/include/gstreamer-1.0 -I/usr/include/glib-2.0 -I/usr/lib/arm-linux-gnueabihf/glib-2.0/include '
GST_LIBS='-lgstbase-1.0 -lgstreamer-1.0 -lgobject-2.0 -lglib-2.0'
GST_MAJORMINOR='1.0'
GST_PLUGIN_LDFLAGS='-module -avoid-version -export-symbols-regex _*\(gst_\|Gst\|GST_\).*'
GStreamer_CFLAGS='-pthread -I/usr/include/gstreamer-1.0 -I/usr/include/glib-2.0 -I/usr/lib/arm-linux-gnueabihf/glib-2.0/include'
GStreamer_LIBS='-lgstbase-1.0 -lgstreamer-1.0 -lgobject-2.0 -lglib-2.0'
HAVE_DOXYGEN='yes'
HAVE_PKGCONFIG='yes'
INSTALL_DATA='${INSTALL} -m 644'
INSTALL_PROGRAM='${INSTALL}'
INSTALL_SCRIPT='${INSTALL}'
INSTALL_STRIP_PROGRAM='$(install_sh) -c -s'
LD='/usr/bin/ld'
LDFLAGS=' -L/home/pi/robotino/sphinx/pocketsphinx-5prealpha/../sphinxbase-5prealpha/lib -L/home/pi/robotino/sphinx/pocketsphinx-5prealpha/../sphinxbase-5prealpha/src/libsphinxad -L/home/pi/robotino/sphinx/pocketsphinx-5prealpha/../sphinxbase-5prealpha/src/libsphinxbase'
LIBOBJS=''
LIBS=' -lsphinxbase'
LIBTOOL='$(SHELL) $(top_builddir)/libtool'
LIPO=''
LN_S='ln -s'
LTLIBOBJS=''
LT_SYS_LIBRARY_PATH=''
MAKEINFO='${SHELL} /home/pi/robotino/sphinx/pocketsphinx-5prealpha/missing makeinfo'
MANIFEST_TOOL=':'
MKDIR_P='/bin/mkdir -p'
NM='/usr/bin/nm -B'
NMEDIT=''
OBJDUMP='objdump'
OBJEXT='o'
OTOOL64=''
OTOOL=''
PACKAGE='pocketsphinx'
PACKAGE_BUGREPORT=''
PACKAGE_NAME='pocketsphinx'
PACKAGE_STRING='pocketsphinx 5prealpha'
PACKAGE_TARNAME='pocketsphinx'
PACKAGE_URL=''
PACKAGE_VERSION='5prealpha'
PATH_SEPARATOR=':'
PKG_CONFIG='/usr/bin/pkg-config'
PYTHON='/usr/bin/python'
PYTHON_CPPFLAGS='-I/usr/include/python2.7'
PYTHON_EXEC_PREFIX='${exec_prefix}'
PYTHON_EXTRA_LDFLAGS='-Xlinker -export-dynamic -Wl,-O1 -Wl,-Bsymbolic-functions'
PYTHON_EXTRA_LIBS='-lpthread -ldl  -lutil -lm'
PYTHON_LDFLAGS='-L/usr/lib -lpython2.7'
PYTHON_PLATFORM='linux2'
PYTHON_PREFIX='${prefix}'
PYTHON_SITE_PKG='/usr/lib/python2.7/dist-packages'
PYTHON_VERSION='2.7'
RANLIB='ranlib'
SED='/bin/sed'
SET_MAKE=''
SHELL='/bin/bash'
SPHINXBASE_CFLAGS=''
SPHINXBASE_LIBS=''
SPHINXBASE_SWIG='/home/pi/robotino/sphinx/pocketsphinx-5prealpha/../sphinxbase-5prealpha/swig'
STRIP='strip'
SWIG='/usr/bin/swig'
SWIG_LIB='/usr/share/swig3.0'
VERSION='5prealpha'
ac_ct_AR='ar'
ac_ct_CC='gcc'
ac_ct_DUMPBIN=''
am__EXEEXT_FALSE=''
am__EXEEXT_TRUE='#'
am__fastdepCC_FALSE='#'
am__fastdepCC_TRUE=''
am__include='include'
am__isrc=''
am__leading_dot='.'
am__nodep='_no'
am__quote=''
am__tar='$${TAR-tar} chof - "$$tardir"'
am__untar='$${TAR-tar} xf -'
bindir='${exec_prefix}/bin'
build='armv7l-unknown-linux-gnueabihf'
build_alias=''
build_cpu='armv7l'
build_os='linux-gnueabihf'
build_vendor='unknown'
datadir='${datarootdir}'
datarootdir='${prefix}/share'
docdir='${datarootdir}/doc/${PACKAGE_TARNAME}'
dvidir='${docdir}'
exec_prefix='${prefix}'
host='armv7l-unknown-linux-gnueabihf'
host_alias=''
host_cpu='armv7l'
host_os='linux-gnueabihf'
host_vendor='unknown'
htmldir='${docdir}'
includedir='${prefix}/include'
infodir='${datarootdir}/info'
install_sh='${SHELL} /home/pi/robotino/sphinx/pocketsphinx-5prealpha/install-sh'
libdir='${exec_prefix}/lib'
libexecdir='${exec_prefix}/libexec'
localedir='${datarootdir}/locale'
localstatedir='${prefix}/var'
mandir='${datarootdir}/man'
mkdir_p='$(MKDIR_P)'
oldincludedir='/usr/include'
pdfdir='${docdir}'
pkgpyexecdir='${pyexecdir}/pocketsphinx'
pkgpythondir='${pythondir}/pocketsphinx'
plugindir='$(libdir)/gstreamer-1.0'
prefix='/usr/local'
program_transform_name='s,x,x,'
psdir='${docdir}'
pyexecdir='${exec_prefix}/lib/python2.7/dist-packages'
pythondir='${prefix}/lib/python2.7/dist-packages'
runstatedir='${localstatedir}/run'
sbindir='${exec_prefix}/sbin'
sharedstatedir='${prefix}/com'
sysconfdir='${prefix}/etc'
target_alias=''

## ----------- ##
## confdefs.h. ##
## ----------- ##

/* confdefs.h */
#define PACKAGE_NAME "pocketsphinx"
#define PACKAGE_TARNAME "pocketsphinx"
#define PACKAGE_VERSION "5prealpha"
#define PACKAGE_STRING "pocketsphinx 5prealpha"
#define PACKAGE_BUGREPORT ""
#define PACKAGE_URL ""
#define STDC_HEADERS 1
#define HAVE_SYS_TYPES_H 1
#define HAVE_SYS_STAT_H 1
#define HAVE_STDLIB_H 1
#define HAVE_STRING_H 1
#define HAVE_MEMORY_H 1
#define HAVE_STRINGS_H 1
#define HAVE_INTTYPES_H 1
#define HAVE_STDINT_H 1
#define HAVE_UNISTD_H 1
#define HAVE_LONG_LONG 1
#define SIZEOF_LONG_LONG 8
#define HAVE_DLFCN_H 1
#define LT_OBJDIR ".libs/"
#define HAVE_PYTHON "2.7"

configure: exit 0
